00:12:44.642 skipping bootstrap configuration: could not find or read file: classpath:karate-config.js
00:12:45.624 request:
1 > GET https://reqres.in/api/users?page=2
1 > Accept-Encoding: gzip,deflate
1 > Connection: Keep-Alive
1 > Host: reqres.in
1 > User-Agent: Apache-HttpClient/4.5.11 (Java/1.8.0_91)
1 > content-type: aplication/json

00:12:47.401 response time in milliseconds: 1766.24
1 < 200
1 < Access-Control-Allow-Origin: *
1 < Age: 2558
1 < CF-Cache-Status: HIT
1 < CF-RAY: 58dc1fc47f44073a-LHR
1 < Cache-Control: max-age=14400
1 < Connection: keep-alive
1 < Content-Type: application/json; charset=utf-8
1 < Date: Sun, 03 May 2020 18:42:49 GMT
1 < Etag: W/"4dd-IPv5LdOOb6s5S9E3i59wBCJ1k/0"
1 < Expect-CT: max-age=604800, report-uri="https://report-uri.cloudflare.com/cdn-cgi/beacon/expect-ct"
1 < Server: cloudflare
1 < Set-Cookie: __cfduid=d216471f5438a7bba176a7048455532771588531369; expires=Tue, 02-Jun-20 18:42:49 GMT; path=/; domain=.reqres.in; HttpOnly; SameSite=Lax; Secure
1 < Transfer-Encoding: chunked
1 < Vary: Accept-Encoding
1 < Via: 1.1 vegur
1 < X-Powered-By: Express
1 < cf-request-id: 027d722eca0000073a400ac200000001
{"page":2,"per_page":6,"total":12,"total_pages":2,"data":[{"id":7,"email":"michael.lawson@reqres.in","first_name":"Michael","last_name":"Lawson","avatar":"https://s3.amazonaws.com/uifaces/faces/twitter/follettkyle/128.jpg"},{"id":8,"email":"lindsay.ferguson@reqres.in","first_name":"Lindsay","last_name":"Ferguson","avatar":"https://s3.amazonaws.com/uifaces/faces/twitter/araa3185/128.jpg"},{"id":9,"email":"tobias.funke@reqres.in","first_name":"Tobias","last_name":"Funke","avatar":"https://s3.amazonaws.com/uifaces/faces/twitter/vivekprvr/128.jpg"},{"id":10,"email":"byron.fields@reqres.in","first_name":"Byron","last_name":"Fields","avatar":"https://s3.amazonaws.com/uifaces/faces/twitter/russoedu/128.jpg"},{"id":11,"email":"george.edwards@reqres.in","first_name":"George","last_name":"Edwards","avatar":"https://s3.amazonaws.com/uifaces/faces/twitter/mrmoiree/128.jpg"},{"id":12,"email":"rachel.howell@reqres.in","first_name":"Rachel","last_name":"Howell","avatar":"https://s3.amazonaws.com/uifaces/faces/twitter/hebertialmeida/128.jpg"}],"ad":{"company":"StatusCode Weekly","url":"http://statuscode.org/","text":"A weekly newsletter focusing on software development, infrastructure, the server, performance, and the stack end of things."}}

00:12:48.159 [print] ***************** {
  "per_page": 6,
  "total": 12,
  "ad": {
    "company": "StatusCode Weekly",
    "text": "A weekly newsletter focusing on software development, infrastructure, the server, performance, and the stack end of things.",
    "url": "http://statuscode.org/"
  },
  "data": [
    {
      "last_name": "Lawson",
      "id": 7,
      "avatar": "https://s3.amazonaws.com/uifaces/faces/twitter/follettkyle/128.jpg",
      "first_name": "Michael",
      "email": "michael.lawson@reqres.in"
    },
    {
      "last_name": "Ferguson",
      "id": 8,
      "avatar": "https://s3.amazonaws.com/uifaces/faces/twitter/araa3185/128.jpg",
      "first_name": "Lindsay",
      "email": "lindsay.ferguson@reqres.in"
    },
    {
      "last_name": "Funke",
      "id": 9,
      "avatar": "https://s3.amazonaws.com/uifaces/faces/twitter/vivekprvr/128.jpg",
      "first_name": "Tobias",
      "email": "tobias.funke@reqres.in"
    },
    {
      "last_name": "Fields",
      "id": 10,
      "avatar": "https://s3.amazonaws.com/uifaces/faces/twitter/russoedu/128.jpg",
      "first_name": "Byron",
      "email": "byron.fields@reqres.in"
    },
    {
      "last_name": "Edwards",
      "id": 11,
      "avatar": "https://s3.amazonaws.com/uifaces/faces/twitter/mrmoiree/128.jpg",
      "first_name": "George",
      "email": "george.edwards@reqres.in"
    },
    {
      "last_name": "Howell",
      "id": 12,
      "avatar": "https://s3.amazonaws.com/uifaces/faces/twitter/hebertialmeida/128.jpg",
      "first_name": "Rachel",
      "email": "rachel.howell@reqres.in"
    }
  ],
  "page": 2,
  "total_pages": 2
}

00:12:48.167 request:
1 > GET https://reqres.in/api/users?page=2
1 > Accept-Encoding: gzip,deflate
1 > Connection: Keep-Alive
1 > Host: reqres.in
1 > User-Agent: Apache-HttpClient/4.5.11 (Java/1.8.0_91)
1 > content-type: aplication/json

00:12:48.605 response time in milliseconds: 436.14
1 < 200
1 < Access-Control-Allow-Origin: *
1 < Age: 2560
1 < CF-Cache-Status: HIT
1 < CF-RAY: 58dc1fcccdd606b6-LHR
1 < Cache-Control: max-age=14400
1 < Connection: keep-alive
1 < Content-Type: application/json; charset=utf-8
1 < Date: Sun, 03 May 2020 18:42:51 GMT
1 < Etag: W/"4dd-IPv5LdOOb6s5S9E3i59wBCJ1k/0"
1 < Expect-CT: max-age=604800, report-uri="https://report-uri.cloudflare.com/cdn-cgi/beacon/expect-ct"
1 < Server: cloudflare
1 < Set-Cookie: __cfduid=dac585ef09b7353af293ac99fa7331eb61588531371; expires=Tue, 02-Jun-20 18:42:51 GMT; path=/; domain=.reqres.in; HttpOnly; SameSite=Lax; Secure
1 < Transfer-Encoding: chunked
1 < Vary: Accept-Encoding
1 < Via: 1.1 vegur
1 < X-Powered-By: Express
1 < cf-request-id: 027d7233fe000006b691327200000001
{"page":2,"per_page":6,"total":12,"total_pages":2,"data":[{"id":7,"email":"michael.lawson@reqres.in","first_name":"Michael","last_name":"Lawson","avatar":"https://s3.amazonaws.com/uifaces/faces/twitter/follettkyle/128.jpg"},{"id":8,"email":"lindsay.ferguson@reqres.in","first_name":"Lindsay","last_name":"Ferguson","avatar":"https://s3.amazonaws.com/uifaces/faces/twitter/araa3185/128.jpg"},{"id":9,"email":"tobias.funke@reqres.in","first_name":"Tobias","last_name":"Funke","avatar":"https://s3.amazonaws.com/uifaces/faces/twitter/vivekprvr/128.jpg"},{"id":10,"email":"byron.fields@reqres.in","first_name":"Byron","last_name":"Fields","avatar":"https://s3.amazonaws.com/uifaces/faces/twitter/russoedu/128.jpg"},{"id":11,"email":"george.edwards@reqres.in","first_name":"George","last_name":"Edwards","avatar":"https://s3.amazonaws.com/uifaces/faces/twitter/mrmoiree/128.jpg"},{"id":12,"email":"rachel.howell@reqres.in","first_name":"Rachel","last_name":"Howell","avatar":"https://s3.amazonaws.com/uifaces/faces/twitter/hebertialmeida/128.jpg"}],"ad":{"company":"StatusCode Weekly","url":"http://statuscode.org/","text":"A weekly newsletter focusing on software development, infrastructure, the server, performance, and the stack end of things."}}

00:12:48.623 [print] @@@@@@@@ {
  "per_page": 6,
  "total": 12,
  "ad": {
    "company": "StatusCode Weekly",
    "text": "A weekly newsletter focusing on software development, infrastructure, the server, performance, and the stack end of things.",
    "url": "http://statuscode.org/"
  },
  "data": [
    {
      "last_name": "Lawson",
      "id": 7,
      "avatar": "https://s3.amazonaws.com/uifaces/faces/twitter/follettkyle/128.jpg",
      "first_name": "Michael",
      "email": "michael.lawson@reqres.in"
    },
    {
      "last_name": "Ferguson",
      "id": 8,
      "avatar": "https://s3.amazonaws.com/uifaces/faces/twitter/araa3185/128.jpg",
      "first_name": "Lindsay",
      "email": "lindsay.ferguson@reqres.in"
    },
    {
      "last_name": "Funke",
      "id": 9,
      "avatar": "https://s3.amazonaws.com/uifaces/faces/twitter/vivekprvr/128.jpg",
      "first_name": "Tobias",
      "email": "tobias.funke@reqres.in"
    },
    {
      "last_name": "Fields",
      "id": 10,
      "avatar": "https://s3.amazonaws.com/uifaces/faces/twitter/russoedu/128.jpg",
      "first_name": "Byron",
      "email": "byron.fields@reqres.in"
    },
    {
      "last_name": "Edwards",
      "id": 11,
      "avatar": "https://s3.amazonaws.com/uifaces/faces/twitter/mrmoiree/128.jpg",
      "first_name": "George",
      "email": "george.edwards@reqres.in"
    },
    {
      "last_name": "Howell",
      "id": 12,
      "avatar": "https://s3.amazonaws.com/uifaces/faces/twitter/hebertialmeida/128.jpg",
      "first_name": "Rachel",
      "email": "rachel.howell@reqres.in"
    }
  ],
  "page": 2,
  "total_pages": 2
}

